#
# There is insufficient memory for the Java Runtime Environment to continue.
# Native memory allocation (malloc) failed to allocate 32744 bytes for Chunk::new
# Possible reasons:
#   The system is out of physical RAM or swap space
#   The process is running with CompressedOops enabled, and the Java Heap may be blocking the growth of the native heap
# Possible solutions:
#   Reduce memory load on the system
#   Increase physical memory or swap space
#   Check if swap backing store is full
#   Decrease Java heap size (-Xmx/-Xms)
#   Decrease number of Java threads
#   Decrease Java thread stack sizes (-Xss)
#   Set larger code cache with -XX:ReservedCodeCacheSize=
#   JVM is running with Unscaled Compressed Oops mode in which the Java heap is
#     placed in the first 4GB address space. The Java Heap base address is the
#     maximum limit for the native heap growth. Please use -XX:HeapBaseMinAddress
#     to set the Java Heap base and to place the Java Heap above 4GB virtual address.
# This output file may be truncated or incomplete.
#
#  Out of Memory Error (arena.cpp:184), pid=23716, tid=14188
#
# JRE version: Java(TM) SE Runtime Environment (18.0.2.1+1) (build 18.0.2.1+1-1)
# Java VM: Java HotSpot(TM) 64-Bit Server VM (18.0.2.1+1-1, mixed mode, sharing, tiered, compressed oops, compressed class ptrs, g1 gc, windows-amd64)
# No core dump will be written. Minidumps are not enabled by default on client versions of Windows
#

---------------  S U M M A R Y ------------

Command Line: -Dfile.encoding=UTF-8 -Dstdout.encoding=UTF-8 -Dstderr.encoding=UTF-8 -XX:+ShowCodeDetailsInExceptionMessages Atmapplication.Signup3

Host: 12th Gen Intel(R) Core(TM) i5-1235U, 12 cores, 7G,  Windows 11 , 64 bit Build 22621 (10.0.22621.2215)
Time: Sat Oct 14 12:22:39 2023 India Standard Time elapsed time: 0.071790 seconds (0d 0h 0m 0s)

---------------  T H R E A D  ---------------

Current thread (0x000001abb29e5700):  JavaThread "C1 CompilerThread0" daemon [_thread_in_native, id=14188, stack(0x0000007fa5900000,0x0000007fa5a00000)]


Current CompileTask:
C1:     71  224       3       jdk.internal.org.objectweb.asm.Frame::execute (2305 bytes)

Stack: [0x0000007fa5900000,0x0000007fa5a00000]
Native frames: (J=compiled Java code, j=interpreted, Vv=VM code, C=native code)
V  [jvm.dll+0x6993aa]
V  [jvm.dll+0x7f46dd]
V  [jvm.dll+0x7f5fee]
V  [jvm.dll+0x7f66a3]
V  [jvm.dll+0x25cf1f]
V  [jvm.dll+0xb8c2f]
V  [jvm.dll+0xb8fa5]
V  [jvm.dll+0x18d262]
V  [jvm.dll+0x18f901]
V  [jvm.dll+0x148ff3]
V  [jvm.dll+0x1488cf]
V  [jvm.dll+0x148b26]
V  [jvm.dll+0x147f9a]
V  [jvm.dll+0x149c81]
V  [jvm.dll+0x23ee0a]
V  [jvm.dll+0x23d0f5]
V  [jvm.dll+0x7a6dd1]
V  [jvm.dll+0x7a120a]
V  [jvm.dll+0x698255]
C  [ucrtbase.dll+0x29363]
C  [KERNEL32.DLL+0x1257d]
C  [ntdll.dll+0x5aa68]


---------------  P R O C E S S  ---------------

Threads class SMR info:
_java_thread_list=0x000001abb6cb0690, length=12, elements={
0x000001ab94599d70, 0x000001abb29af8f0, 0x000001abb29b2560, 0x000001abb29cd710,
0x000001abb29cdfc0, 0x000001abb29ce960, 0x000001abb29cf300, 0x000001abb29dad30,
0x000001abb29e5700, 0x000001abb29ff1d0, 0x000001abb6cb3220, 0x000001abb6cb7d80
}

Java Threads: ( => current thread )
  0x000001ab94599d70 JavaThread "main" [_thread_in_vm, id=28080, stack(0x0000007fa4b00000,0x0000007fa4c00000)]
  0x000001abb29af8f0 JavaThread "Reference Handler" daemon [_thread_blocked, id=28124, stack(0x0000007fa5200000,0x0000007fa5300000)]
  0x000001abb29b2560 JavaThread "Finalizer" daemon [_thread_blocked, id=24124, stack(0x0000007fa5300000,0x0000007fa5400000)]
  0x000001abb29cd710 JavaThread "Signal Dispatcher" daemon [_thread_blocked, id=28016, stack(0x0000007fa5400000,0x0000007fa5500000)]
  0x000001abb29cdfc0 JavaThread "Attach Listener" daemon [_thread_blocked, id=27624, stack(0x0000007fa5500000,0x0000007fa5600000)]
  0x000001abb29ce960 JavaThread "Service Thread" daemon [_thread_blocked, id=28132, stack(0x0000007fa5600000,0x0000007fa5700000)]
  0x000001abb29cf300 JavaThread "Monitor Deflation Thread" daemon [_thread_blocked, id=28172, stack(0x0000007fa5700000,0x0000007fa5800000)]
  0x000001abb29dad30 JavaThread "C2 CompilerThread0" daemon [_thread_blocked, id=25212, stack(0x0000007fa5800000,0x0000007fa5900000)]
=>0x000001abb29e5700 JavaThread "C1 CompilerThread0" daemon [_thread_in_native, id=14188, stack(0x0000007fa5900000,0x0000007fa5a00000)]
  0x000001abb29ff1d0 JavaThread "Sweeper thread" daemon [_thread_blocked, id=27896, stack(0x0000007fa5a00000,0x0000007fa5b00000)]
  0x000001abb6cb3220 JavaThread "Notification Thread" daemon [_thread_blocked, id=28052, stack(0x0000007fa5b00000,0x0000007fa5c00000)]
  0x000001abb6cb7d80 JavaThread "Common-Cleaner" daemon [_thread_blocked, id=28656, stack(0x0000007fa5d00000,0x0000007fa5e00000)]

Other Threads:
  0x000001ab94614e90 VMThread "VM Thread" [stack: 0x0000007fa5100000,0x0000007fa5200000] [id=21064]
  0x000001abb6cb7b10 WatcherThread "VM Periodic Task Thread" [stack: 0x0000007fa5c00000,0x0000007fa5d00000] [id=13548]
  0x000001ab945fae30 WorkerThread "GC Thread#0" [stack: 0x0000007fa4c00000,0x0000007fa4d00000] [id=11856]
  0x000001ab9460b4e0 ConcurrentGCThread "G1 Main Marker" [stack: 0x0000007fa4d00000,0x0000007fa4e00000] [id=11004]
  0x000001ab9460bed0 WorkerThread "G1 Conc#0" [stack: 0x0000007fa4e00000,0x0000007fa4f00000] [id=27840]
  0x000001ab9465ec20 ConcurrentGCThread "G1 Refine#0" [stack: 0x0000007fa4f00000,0x0000007fa5000000] [id=26736]
  0x000001abb286b710 ConcurrentGCThread "G1 Service" [stack: 0x0000007fa5000000,0x0000007fa5100000] [id=16972]

Threads with active compile tasks:
C1 CompilerThread0       90  224       3       jdk.internal.org.objectweb.asm.Frame::execute (2305 bytes)

VM state: not at safepoint (normal execution)

VM Mutex/Monitor currently owned by a thread:  ([mutex/lock_event])
[0x000001ab94593f40] Metaspace_lock - owner thread: 0x000001ab94599d70

Heap address: 0x0000000084400000, size: 1980 MB, Compressed Oops mode: 32-bit

CDS archive(s) mapped at: [0x0000000800000000-0x0000000800ba0000-0x0000000800ba0000), size 12189696, SharedBaseAddress: 0x0000000800000000, ArchiveRelocationMode: 0.
Compressed class space mapped at: 0x0000000800c00000-0x0000000840c00000, reserved size: 1073741824
Narrow klass base: 0x0000000800000000, Narrow klass shift: 0, Narrow klass range: 0x100000000

GC Precious Log:
 CardTable entry size: 512
 Card Set container configuration: InlinePtr #cards 5 size 8 Array Of Cards #cards 12 size 40 Howl #buckets 4 coarsen threshold 1843 Howl Bitmap #cards 512 size 80 coarsen threshold 460 Card regions per heap region 1 cards per card region 2048
 CPUs: 12 total, 12 available
 Memory: 7916M
 Large Page Support: Disabled
 NUMA Support: Disabled
 Compressed Oops: Enabled (32-bit)
 Heap Region Size: 1M
 Heap Min Capacity: 8M
 Heap Initial Capacity: 124M
 Heap Max Capacity: 1980M
 Pre-touch: Disabled
 Parallel Workers: 10
 Concurrent Workers: 3
 Concurrent Refinement Workers: 10
 Periodic GC: Disabled

Heap:
 garbage-first heap   total 126976K, used 2048K [0x0000000084400000, 0x0000000100000000)
  region size 1024K, 3 young (3072K), 0 survivors (0K)
 Metaspace       used 1807K, committed 1920K, reserved 1114112K
  class space    used 162K, committed 256K, reserved 1048576K

Heap Regions: E=young(eden), S=young(survivor), O=old, HS=humongous(starts), HC=humongous(continues), CS=collection set, F=free, OA=open archive, CA=closed archive, TAMS=top-at-mark-start (previous, next)
|   0|0x0000000084400000, 0x0000000084400000, 0x0000000084500000|  0%| F|  |TAMS 0x0000000084400000, 0x0000000084400000| Untracked 
|   1|0x0000000084500000, 0x0000000084500000, 0x0000000084600000|  0%| F|  |TAMS 0x0000000084500000, 0x0000000084500000| Untracked 
|   2|0x0000000084600000, 0x0000000084600000, 0x0000000084700000|  0%| F|  |TAMS 0x0000000084600000, 0x0000000084600000| Untracked 
|   3|0x0000000084700000, 0x0000000084700000, 0x0000000084800000|  0%| F|  |TAMS 0x0000000084700000, 0x0000000084700000| Untracked 
|   4|0x0000000084800000, 0x0000000084800000, 0x0000000084900000|  0%| F|  |TAMS 0x0000000084800000, 0x0000000084800000| Untracked 
|   5|0x0000000084900000, 0x0000000084900000, 0x0000000084a00000|  0%| F|  |TAMS 0x0000000084900000, 0x0000000084900000| Untracked 
|   6|0x0000000084a00000, 0x0000000084a00000, 0x0000000084b00000|  0%| F|  |TAMS 0x0000000084a00000, 0x0000000084a00000| Untracked 
|   7|0x0000000084b00000, 0x0000000084b00000, 0x0000000084c00000|  0%| F|  |TAMS 0x0000000084b00000, 0x0000000084b00000| Untracked 
|   8|0x0000000084c00000, 0x0000000084c00000, 0x0000000084d00000|  0%| F|  |TAMS 0x0000000084c00000, 0x0000000084c00000| Untracked 
|   9|0x0000000084d00000, 0x0000000084d00000, 0x0000000084e00000|  0%| F|  |TAMS 0x0000000084d00000, 0x0000000084d00000| Untracked 
|  10|0x0000000084e00000, 0x0000000084e00000, 0x0000000084f00000|  0%| F|  |TAMS 0x0000000084e00000, 0x0000000084e00000| Untracked 
|  11|0x0000000084f00000, 0x0000000084f00000, 0x0000000085000000|  0%| F|  |TAMS 0x0000000084f00000, 0x0000000084f00000| Untracked 
|  12|0x0000000085000000, 0x0000000085000000, 0x0000000085100000|  0%| F|  |TAMS 0x0000000085000000, 0x0000000085000000| Untracked 
|  13|0x0000000085100000, 0x0000000085100000, 0x0000000085200000|  0%| F|  |TAMS 0x0000000085100000, 0x0000000085100000| Untracked 
|  14|0x0000000085200000, 0x0000000085200000, 0x0000000085300000|  0%| F|  |TAMS 0x0000000085200000, 0x0000000085200000| Untracked 
|  15|0x0000000085300000, 0x0000000085300000, 0x0000000085400000|  0%| F|  |TAMS 0x0000000085300000, 0x0000000085300000| Untracked 
|  16|0x0000000085400000, 0x0000000085400000, 0x0000000085500000|  0%| F|  |TAMS 0x0000000085400000, 0x0000000085400000| Untracked 
|  17|0x0000000085500000, 0x0000000085500000, 0x0000000085600000|  0%| F|  |TAMS 0x0000000085500000, 0x0000000085500000| Untracked 
|  18|0x0000000085600000, 0x0000000085600000, 0x0000000085700000|  0%| F|  |TAMS 0x0000000085600000, 0x0000000085600000| Untracked 
|  19|0x0000000085700000, 0x0000000085700000, 0x0000000085800000|  0%| F|  |TAMS 0x0000000085700000, 0x0000000085700000| Untracked 
|  20|0x0000000085800000, 0x0000000085800000, 0x0000000085900000|  0%| F|  |TAMS 0x0000000085800000, 0x0000000085800000| Untracked 
|  21|0x0000000085900000, 0x0000000085900000, 0x0000000085a00000|  0%| F|  |TAMS 0x0000000085900000, 0x0000000085900000| Untracked 
|  22|0x0000000085a00000, 0x0000000085a00000, 0x0000000085b00000|  0%| F|  |TAMS 0x0000000085a00000, 0x0000000085a00000| Untracked 
|  23|0x0000000085b00000, 0x0000000085b00000, 0x0000000085c00000|  0%| F|  |TAMS 0x0000000085b00000, 0x0000000085b00000| Untracked 
|  24|0x0000000085c00000, 0x0000000085c00000, 0x0000000085d00000|  0%| F|  |TAMS 0x0000000085c00000, 0x0000000085c00000| Untracked 
|  25|0x0000000085d00000, 0x0000000085d00000, 0x0000000085e00000|  0%| F|  |TAMS 0x0000000085d00000, 0x0000000085d00000| Untracked 
|  26|0x0000000085e00000, 0x0000000085e00000, 0x0000000085f00000|  0%| F|  |TAMS 0x0000000085e00000, 0x0000000085e00000| Untracked 
|  27|0x0000000085f00000, 0x0000000085f00000, 0x0000000086000000|  0%| F|  |TAMS 0x0000000085f00000, 0x0000000085f00000| Untracked 
|  28|0x0000000086000000, 0x0000000086000000, 0x0000000086100000|  0%| F|  |TAMS 0x0000000086000000, 0x0000000086000000| Untracked 
|  29|0x0000000086100000, 0x0000000086100000, 0x0000000086200000|  0%| F|  |TAMS 0x0000000086100000, 0x0000000086100000| Untracked 
|  30|0x0000000086200000, 0x0000000086200000, 0x0000000086300000|  0%| F|  |TAMS 0x0000000086200000, 0x0000000086200000| Untracked 
|  31|0x0000000086300000, 0x0000000086300000, 0x0000000086400000|  0%| F|  |TAMS 0x0000000086300000, 0x0000000086300000| Untracked 
|  32|0x0000000086400000, 0x0000000086400000, 0x0000000086500000|  0%| F|  |TAMS 0x0000000086400000, 0x0000000086400000| Untracked 
|  33|0x0000000086500000, 0x0000000086500000, 0x0000000086600000|  0%| F|  |TAMS 0x0000000086500000, 0x0000000086500000| Untracked 
|  34|0x0000000086600000, 0x0000000086600000, 0x0000000086700000|  0%| F|  |TAMS 0x0000000086600000, 0x0000000086600000| Untracked 
|  35|0x0000000086700000, 0x0000000086700000, 0x0000000086800000|  0%| F|  |TAMS 0x0000000086700000, 0x0000000086700000| Untracked 
|  36|0x0000000086800000, 0x0000000086800000, 0x0000000086900000|  0%| F|  |TAMS 0x0000000086800000, 0x0000000086800000| Untracked 
|  37|0x0000000086900000, 0x0000000086900000, 0x0000000086a00000|  0%| F|  |TAMS 0x0000000086900000, 0x0000000086900000| Untracked 
|  38|0x0000000086a00000, 0x0000000086a00000, 0x0000000086b00000|  0%| F|  |TAMS 0x0000000086a00000, 0x0000000086a00000| Untracked 
|  39|0x0000000086b00000, 0x0000000086b00000, 0x0000000086c00000|  0%| F|  |TAMS 0x0000000086b00000, 0x0000000086b00000| Untracked 
|  40|0x0000000086c00000, 0x0000000086c00000, 0x0000000086d00000|  0%| F|  |TAMS 0x0000000086c00000, 0x0000000086c00000| Untracked 
|  41|0x0000000086d00000, 0x0000000086d00000, 0x0000000086e00000|  0%| F|  |TAMS 0x0000000086d00000, 0x0000000086d00000| Untracked 
|  42|0x0000000086e00000, 0x0000000086e00000, 0x0000000086f00000|  0%| F|  |TAMS 0x0000000086e00000, 0x0000000086e00000| Untracked 
|  43|0x0000000086f00000, 0x0000000086f00000, 0x0000000087000000|  0%| F|  |TAMS 0x0000000086f00000, 0x0000000086f00000| Untracked 
|  44|0x0000000087000000, 0x0000000087000000, 0x0000000087100000|  0%| F|  |TAMS 0x0000000087000000, 0x0000000087000000| Untracked 
|  45|0x0000000087100000, 0x0000000087100000, 0x0000000087200000|  0%| F|  |TAMS 0x0000000087100000, 0x0000000087100000| Untracked 
|  46|0x0000000087200000, 0x0000000087200000, 0x0000000087300000|  0%| F|  |TAMS 0x0000000087200000, 0x0000000087200000| Untracked 
|  47|0x0000000087300000, 0x0000000087300000, 0x0000000087400000|  0%| F|  |TAMS 0x0000000087300000, 0x0000000087300000| Untracked 
|  48|0x0000000087400000, 0x0000000087400000, 0x0000000087500000|  0%| F|  |TAMS 0x0000000087400000, 0x0000000087400000| Untracked 
|  49|0x0000000087500000, 0x0000000087500000, 0x0000000087600000|  0%| F|  |TAMS 0x0000000087500000, 0x0000000087500000| Untracked 
|  50|0x0000000087600000, 0x0000000087600000, 0x0000000087700000|  0%| F|  |TAMS 0x0000000087600000, 0x0000000087600000| Untracked 
|  51|0x0000000087700000, 0x0000000087700000, 0x0000000087800000|  0%| F|  |TAMS 0x0000000087700000, 0x0000000087700000| Untracked 
|  52|0x0000000087800000, 0x0000000087800000, 0x0000000087900000|  0%| F|  |TAMS 0x0000000087800000, 0x0000000087800000| Untracked 
|  53|0x0000000087900000, 0x0000000087900000, 0x0000000087a00000|  0%| F|  |TAMS 0x0000000087900000, 0x0000000087900000| Untracked 
|  54|0x0000000087a00000, 0x0000000087a00000, 0x0000000087b00000|  0%| F|  |TAMS 0x0000000087a00000, 0x0000000087a00000| Untracked 
|  55|0x0000000087b00000, 0x0000000087b00000, 0x0000000087c00000|  0%| F|  |TAMS 0x0000000087b00000, 0x0000000087b00000| Untracked 
|  56|0x0000000087c00000, 0x0000000087c00000, 0x0000000087d00000|  0%| F|  |TAMS 0x0000000087c00000, 0x0000000087c00000| Untracked 
|  57|0x0000000087d00000, 0x0000000087d00000, 0x0000000087e00000|  0%| F|  |TAMS 0x0000000087d00000, 0x0000000087d00000| Untracked 
|  58|0x0000000087e00000, 0x0000000087e00000, 0x0000000087f00000|  0%| F|  |TAMS 0x0000000087e00000, 0x0000000087e00000| Untracked 
|  59|0x0000000087f00000, 0x0000000087f00000, 0x0000000088000000|  0%| F|  |TAMS 0x0000000087f00000, 0x0000000087f00000| Untracked 
|  60|0x0000000088000000, 0x0000000088000000, 0x0000000088100000|  0%| F|  |TAMS 0x0000000088000000, 0x0000000088000000| Untracked 
|  61|0x0000000088100000, 0x0000000088100000, 0x0000000088200000|  0%| F|  |TAMS 0x0000000088100000, 0x0000000088100000| Untracked 
|  62|0x0000000088200000, 0x0000000088200000, 0x0000000088300000|  0%| F|  |TAMS 0x0000000088200000, 0x0000000088200000| Untracked 
|  63|0x0000000088300000, 0x0000000088300000, 0x0000000088400000|  0%| F|  |TAMS 0x0000000088300000, 0x0000000088300000| Untracked 
|  64|0x0000000088400000, 0x0000000088400000, 0x0000000088500000|  0%| F|  |TAMS 0x0000000088400000, 0x0000000088400000| Untracked 
|  65|0x0000000088500000, 0x0000000088500000, 0x0000000088600000|  0%| F|  |TAMS 0x0000000088500000, 0x0000000088500000| Untracked 
|  66|0x0000000088600000, 0x0000000088600000, 0x0000000088700000|  0%| F|  |TAMS 0x0000000088600000, 0x0000000088600000| Untracked 
|  67|0x0000000088700000, 0x0000000088700000, 0x0000000088800000|  0%| F|  |TAMS 0x0000000088700000, 0x0000000088700000| Untracked 
|  68|0x0000000088800000, 0x0000000088800000, 0x0000000088900000|  0%| F|  |TAMS 0x0000000088800000, 0x0000000088800000| Untracked 
|  69|0x0000000088900000, 0x0000000088900000, 0x0000000088a00000|  0%| F|  |TAMS 0x0000000088900000, 0x0000000088900000| Untracked 
|  70|0x0000000088a00000, 0x0000000088a00000, 0x0000000088b00000|  0%| F|  |TAMS 0x0000000088a00000, 0x0000000088a00000| Untracked 
|  71|0x0000000088b00000, 0x0000000088b00000, 0x0000000088c00000|  0%| F|  |TAMS 0x0000000088b00000, 0x0000000088b00000| Untracked 
|  72|0x0000000088c00000, 0x0000000088c00000, 0x0000000088d00000|  0%| F|  |TAMS 0x0000000088c00000, 0x0000000088c00000| Untracked 
|  73|0x0000000088d00000, 0x0000000088d00000, 0x0000000088e00000|  0%| F|  |TAMS 0x0000000088d00000, 0x0000000088d00000| Untracked 
|  74|0x0000000088e00000, 0x0000000088e00000, 0x0000000088f00000|  0%| F|  |TAMS 0x0000000088e00000, 0x0000000088e00000| Untracked 
|  75|0x0000000088f00000, 0x0000000088f00000, 0x0000000089000000|  0%| F|  |TAMS 0x0000000088f00000, 0x0000000088f00000| Untracked 
|  76|0x0000000089000000, 0x0000000089000000, 0x0000000089100000|  0%| F|  |TAMS 0x0000000089000000, 0x0000000089000000| Untracked 
|  77|0x0000000089100000, 0x0000000089100000, 0x0000000089200000|  0%| F|  |TAMS 0x0000000089100000, 0x0000000089100000| Untracked 
|  78|0x0000000089200000, 0x0000000089200000, 0x0000000089300000|  0%| F|  |TAMS 0x0000000089200000, 0x0000000089200000| Untracked 
|  79|0x0000000089300000, 0x0000000089300000, 0x0000000089400000|  0%| F|  |TAMS 0x0000000089300000, 0x0000000089300000| Untracked 
|  80|0x0000000089400000, 0x0000000089400000, 0x0000000089500000|  0%| F|  |TAMS 0x0000000089400000, 0x0000000089400000| Untracked 
|  81|0x0000000089500000, 0x0000000089500000, 0x0000000089600000|  0%| F|  |TAMS 0x0000000089500000, 0x0000000089500000| Untracked 
|  82|0x0000000089600000, 0x0000000089600000, 0x0000000089700000|  0%| F|  |TAMS 0x0000000089600000, 0x0000000089600000| Untracked 
|  83|0x0000000089700000, 0x0000000089700000, 0x0000000089800000|  0%| F|  |TAMS 0x0000000089700000, 0x0000000089700000| Untracked 
|  84|0x0000000089800000, 0x0000000089800000, 0x0000000089900000|  0%| F|  |TAMS 0x0000000089800000, 0x0000000089800000| Untracked 
|  85|0x0000000089900000, 0x0000000089900000, 0x0000000089a00000|  0%| F|  |TAMS 0x0000000089900000, 0x0000000089900000| Untracked 
|  86|0x0000000089a00000, 0x0000000089a00000, 0x0000000089b00000|  0%| F|  |TAMS 0x0000000089a00000, 0x0000000089a00000| Untracked 
|  87|0x0000000089b00000, 0x0000000089b00000, 0x0000000089c00000|  0%| F|  |TAMS 0x0000000089b00000, 0x0000000089b00000| Untracked 
|  88|0x0000000089c00000, 0x0000000089c00000, 0x0000000089d00000|  0%| F|  |TAMS 0x0000000089c00000, 0x0000000089c00000| Untracked 
|  89|0x0000000089d00000, 0x0000000089d00000, 0x0000000089e00000|  0%| F|  |TAMS 0x0000000089d00000, 0x0000000089d00000| Untracked 
|  90|0x0000000089e00000, 0x0000000089e00000, 0x0000000089f00000|  0%| F|  |TAMS 0x0000000089e00000, 0x0000000089e00000| Untracked 
|  91|0x0000000089f00000, 0x0000000089f00000, 0x000000008a000000|  0%| F|  |TAMS 0x0000000089f00000, 0x0000000089f00000| Untracked 
|  92|0x000000008a000000, 0x000000008a000000, 0x000000008a100000|  0%| F|  |TAMS 0x000000008a000000, 0x000000008a000000| Untracked 
|  93|0x000000008a100000, 0x000000008a100000, 0x000000008a200000|  0%| F|  |TAMS 0x000000008a100000, 0x000000008a100000| Untracked 
|  94|0x000000008a200000, 0x000000008a200000, 0x000000008a300000|  0%| F|  |TAMS 0x000000008a200000, 0x000000008a200000| Untracked 
|  95|0x000000008a300000, 0x000000008a300000, 0x000000008a400000|  0%| F|  |TAMS 0x000000008a300000, 0x000000008a300000| Untracked 
|  96|0x000000008a400000, 0x000000008a400000, 0x000000008a500000|  0%| F|  |TAMS 0x000000008a400000, 0x000000008a400000| Untracked 
|  97|0x000000008a500000, 0x000000008a500000, 0x000000008a600000|  0%| F|  |TAMS 0x000000008a500000, 0x000000008a500000| Untracked 
|  98|0x000000008a600000, 0x000000008a600000, 0x000000008a700000|  0%| F|  |TAMS 0x000000008a600000, 0x000000008a600000| Untracked 
|  99|0x000000008a700000, 0x000000008a700000, 0x000000008a800000|  0%| F|  |TAMS 0x000000008a700000, 0x000000008a700000| Untracked 
| 100|0x000000008a800000, 0x000000008a800000, 0x000000008a900000|  0%| F|  |TAMS 0x000000008a800000, 0x000000008a800000| Untracked 
| 101|0x000000008a900000, 0x000000008a900000, 0x000000008aa00000|  0%| F|  |TAMS 0x000000008a900000, 0x000000008a900000| Untracked 
| 102|0x000000008aa00000, 0x000000008aa00000, 0x000000008ab00000|  0%| F|  |TAMS 0x000000008aa00000, 0x000000008aa00000| Untracked 
| 103|0x000000008ab00000, 0x000000008ab00000, 0x000000008ac00000|  0%| F|  |TAMS 0x000000008ab00000, 0x000000008ab00000| Untracked 
| 104|0x000000008ac00000, 0x000000008ac00000, 0x000000008ad00000|  0%| F|  |TAMS 0x000000008ac00000, 0x000000008ac00000| Untracked 
| 105|0x000000008ad00000, 0x000000008ad00000, 0x000000008ae00000|  0%| F|  |TAMS 0x000000008ad00000, 0x000000008ad00000| Untracked 
| 106|0x000000008ae00000, 0x000000008ae00000, 0x000000008af00000|  0%| F|  |TAMS 0x000000008ae00000, 0x000000008ae00000| Untracked 
| 107|0x000000008af00000, 0x000000008af00000, 0x000000008b000000|  0%| F|  |TAMS 0x000000008af00000, 0x000000008af00000| Untracked 
| 108|0x000000008b000000, 0x000000008b000000, 0x000000008b100000|  0%| F|  |TAMS 0x000000008b000000, 0x000000008b000000| Untracked 
| 109|0x000000008b100000, 0x000000008b100000, 0x000000008b200000|  0%| F|  |TAMS 0x000000008b100000, 0x000000008b100000| Untracked 
| 110|0x000000008b200000, 0x000000008b200000, 0x000000008b300000|  0%| F|  |TAMS 0x000000008b200000, 0x000000008b200000| Untracked 
| 111|0x000000008b300000, 0x000000008b300000, 0x000000008b400000|  0%| F|  |TAMS 0x000000008b300000, 0x000000008b300000| Untracked 
| 112|0x000000008b400000, 0x000000008b400000, 0x000000008b500000|  0%| F|  |TAMS 0x000000008b400000, 0x000000008b400000| Untracked 
| 113|0x000000008b500000, 0x000000008b500000, 0x000000008b600000|  0%| F|  |TAMS 0x000000008b500000, 0x000000008b500000| Untracked 
| 114|0x000000008b600000, 0x000000008b600000, 0x000000008b700000|  0%| F|  |TAMS 0x000000008b600000, 0x000000008b600000| Untracked 
| 115|0x000000008b700000, 0x000000008b700000, 0x000000008b800000|  0%| F|  |TAMS 0x000000008b700000, 0x000000008b700000| Untracked 
| 116|0x000000008b800000, 0x000000008b800000, 0x000000008b900000|  0%| F|  |TAMS 0x000000008b800000, 0x000000008b800000| Untracked 
| 117|0x000000008b900000, 0x000000008b900000, 0x000000008ba00000|  0%| F|  |TAMS 0x000000008b900000, 0x000000008b900000| Untracked 
| 118|0x000000008ba00000, 0x000000008ba00000, 0x000000008bb00000|  0%| F|  |TAMS 0x000000008ba00000, 0x000000008ba00000| Untracked 
| 119|0x000000008bb00000, 0x000000008bb00000, 0x000000008bc00000|  0%| F|  |TAMS 0x000000008bb00000, 0x000000008bb00000| Untracked 
| 120|0x000000008bc00000, 0x000000008bc00000, 0x000000008bd00000|  0%| F|  |TAMS 0x000000008bc00000, 0x000000008bc00000| Untracked 
| 121|0x000000008bd00000, 0x000000008bd76448, 0x000000008be00000| 46%| E|  |TAMS 0x000000008bd00000, 0x000000008bd00000| Complete 
| 122|0x000000008be00000, 0x000000008bf00000, 0x000000008bf00000|100%| E|CS|TAMS 0x000000008be00000, 0x000000008be00000| Complete 
| 123|0x000000008bf00000, 0x000000008c000000, 0x000000008c000000|100%| E|CS|TAMS 0x000000008bf00000, 0x000000008bf00000| Complete 

Card table byte_map: [0x000001abab810000,0x000001ababbf0000] _byte_map_base: 0x000001abab3ee000

Marking Bits (Prev, Next): (CMBitMap*) 0x000001ab945fb430, (CMBitMap*) 0x000001ab945fb470
 Prev Bits: [0x000001ababfd0000, 0x000001abadec0000)
 Next Bits: [0x000001abadec0000, 0x000001abafdb0000)

Polling page: 0x000001ab924e0000

Metaspace:

Usage:
  Non-class:      1.61 MB used.
      Class:    162.98 KB used.
       Both:      1.76 MB used.

Virtual space:
  Non-class space:       64.00 MB reserved,       1.62 MB (  3%) committed,  1 nodes.
      Class space:        1.00 GB reserved,     256.00 KB ( <1%) committed,  1 nodes.
             Both:        1.06 GB reserved,       1.88 MB ( <1%) committed. 

Chunk freelists:
   Non-Class:  3.94 MB
       Class:  3.71 MB
        Both:  7.66 MB

MaxMetaspaceSize: unlimited
CompressedClassSpaceSize: 1.00 GB
Initial GC threshold: 21.00 MB
Current GC threshold: 21.00 MB
CDS: on
MetaspaceReclaimPolicy: balanced
 - commit_granule_bytes: 65536.
 - commit_granule_words: 8192.
 - virtual_space_node_default_size: 8388608.
 - enlarge_chunks_in_place: 1.
 - new_chunks_are_fully_committed: 0.
 - uncommit_free_chunks: 1.
 - use_allocation_guard: 0.


Internal statistics:

num_allocs_failed_limit: 0.
num_arena_births: 58.
num_arena_deaths: 0.
num_vsnodes_births: 2.
num_vsnodes_deaths: 0.
num_space_committed: 30.
num_space_uncommitted: 0.
num_chunks_returned_to_freelist: 0.
num_chunks_taken_from_freelist: 67.
num_chunk_merges: 0.
num_chunk_splits: 43.
num_chunks_enlarged: 20.
num_inconsistent_stats: 0.

CodeHeap 'non-profiled nmethods': size=120000Kb used=89Kb max_used=89Kb free=119910Kb
 bounds [0x000001aba39a0000, 0x000001aba3c10000, 0x000001abaaed0000]
CodeHeap 'profiled nmethods': size=120000Kb used=225Kb max_used=225Kb free=119774Kb
 bounds [0x000001ab9c470000, 0x000001ab9c6e0000, 0x000001aba39a0000]
CodeHeap 'non-nmethods': size=5760Kb used=1141Kb max_used=1156Kb free=4618Kb
 bounds [0x000001ab9bed0000, 0x000001ab9c140000, 0x000001ab9c470000]
 total_blobs=659 nmethods=242 adapters=330
 compilation: enabled
              stopped_count=0, restarted_count=0
 full_count=0

Compilation events (20 events):
Event: 0.067 Thread 0x000001abb29e5700  201       1       java.lang.invoke.MethodTypeForm::erasedType (5 bytes)
Event: 0.067 Thread 0x000001abb29e5700 nmethod 201 0x000001aba39b0c90 code [0x000001aba39b0e20, 0x000001aba39b0ef8]
Event: 0.067 Thread 0x000001abb29e5700  211       3       java.lang.invoke.LambdaForm$Name::useCount (51 bytes)
Event: 0.067 Thread 0x000001abb29dad30 nmethod 204 0x000001aba39b0f90 code [0x000001aba39b1120, 0x000001aba39b1228]
Event: 0.067 Thread 0x000001abb29e5700 nmethod 211 0x000001ab9c4a6590 code [0x000001ab9c4a6740, 0x000001ab9c4a69b8]
Event: 0.067 Thread 0x000001abb29e5700  212       1       java.lang.invoke.LambdaForm$BasicType::basicTypeClass (5 bytes)
Event: 0.067 Thread 0x000001abb29e5700 nmethod 212 0x000001aba39b1310 code [0x000001aba39b14a0, 0x000001aba39b1578]
Event: 0.067 Thread 0x000001abb29e5700  215       3       java.lang.invoke.MemberName::isResolved (13 bytes)
Event: 0.067 Thread 0x000001abb29e5700 nmethod 215 0x000001ab9c4a6a90 code [0x000001ab9c4a6c20, 0x000001ab9c4a6d98]
Event: 0.067 Thread 0x000001abb29e5700  216       3       java.lang.invoke.LambdaForm$BasicType::basicType (19 bytes)
Event: 0.068 Thread 0x000001abb29e5700 nmethod 216 0x000001ab9c4a6e10 code [0x000001ab9c4a6fe0, 0x000001ab9c4a7238]
Event: 0.068 Thread 0x000001abb29e5700  218       3       java.lang.invoke.LambdaForm$Name::<init> (54 bytes)
Event: 0.068 Thread 0x000001abb29e5700 nmethod 218 0x000001ab9c4a7390 code [0x000001ab9c4a7540, 0x000001ab9c4a77f8]
Event: 0.068 Thread 0x000001abb29e5700  221       3       jdk.internal.org.objectweb.asm.ByteVector::put12 (64 bytes)
Event: 0.068 Thread 0x000001abb29e5700 nmethod 221 0x000001ab9c4a7890 code [0x000001ab9c4a7a40, 0x000001ab9c4a7c68]
Event: 0.068 Thread 0x000001abb29e5700  223       3       java.lang.invoke.MemberName::testAllFlags (7 bytes)
Event: 0.068 Thread 0x000001abb29e5700 nmethod 223 0x000001ab9c4a7e10 code [0x000001ab9c4a7fa0, 0x000001ab9c4a8178]
Event: 0.068 Thread 0x000001abb29e5700  225       3       jdk.internal.org.objectweb.asm.SymbolTable$Entry::<init> (17 bytes)
Event: 0.068 Thread 0x000001abb29e5700 nmethod 225 0x000001ab9c4a8210 code [0x000001ab9c4a83c0, 0x000001ab9c4a8548]
Event: 0.068 Thread 0x000001abb29e5700  224       3       jdk.internal.org.objectweb.asm.Frame::execute (2305 bytes)

GC Heap History (0 events):
No events

Deoptimization events (0 events):
No events

Classes loaded (20 events):
Event: 0.055 Loading class sun/awt/resources/awt
Event: 0.055 Loading class sun/awt/resources/awt done
Event: 0.055 Loading class java/util/ResourceBundle$BundleReference
Event: 0.055 Loading class java/util/ResourceBundle$BundleReference done
Event: 0.055 Loading class sun/awt/resources/awt_en
Event: 0.055 Loading class sun/awt/resources/awt_en done
Event: 0.055 Loading class sun/awt/resources/awt_en
Event: 0.055 Loading class sun/awt/resources/awt_en done
Event: 0.056 Loading class sun/awt/resources/awt_en_IN
Event: 0.056 Loading class sun/awt/resources/awt_en_IN done
Event: 0.056 Loading class sun/awt/resources/awt_en_IN
Event: 0.056 Loading class sun/awt/resources/awt_en_IN done
Event: 0.057 Loading class java/awt/Toolkit$2
Event: 0.057 Loading class java/awt/Toolkit$2 done
Event: 0.062 Loading class java/awt/Toolkit$1
Event: 0.062 Loading class java/awt/Toolkit$1 done
Event: 0.068 Loading class java/io/FileNotFoundException
Event: 0.068 Loading class java/io/IOException
Event: 0.068 Loading class java/io/IOException done
Event: 0.068 Loading class java/io/FileNotFoundException done

Classes unloaded (0 events):
No events

Classes redefined (0 events):
No events

Internal exceptions (2 events):
Event: 0.052 Thread 0x000001ab94599d70 Exception <a 'java/lang/ClassNotFoundException'{0x000000008be78ed0}: sun/awt/resources/spi/awtProvider> (0x000000008be78ed0) 
thrown [s\open\src\hotspot\share\classfile\systemDictionary.cpp, line 255]
Event: 0.068 Thread 0x000001ab94599d70 Exception <a 'java/io/FileNotFoundException'{0x000000008bece0b0}> (0x000000008bece0b0) 
thrown [s\open\src\hotspot\share\prims\jni.cpp, line 516]

VM Operations (0 events):
No events

Events (19 events):
Event: 0.004 Loaded shared library C:\Program Files\Java\jdk-18.0.2.1\bin\java.dll
Event: 0.010 Loaded shared library C:\Program Files\Java\jdk-18.0.2.1\bin\jsvml.dll
Event: 0.011 Thread 0x000001ab94599d70 Thread added: 0x000001ab94599d70
Event: 0.012 Thread 0x000001abb29af8f0 Thread added: 0x000001abb29af8f0
Event: 0.012 Thread 0x000001abb29b2560 Thread added: 0x000001abb29b2560
Event: 0.018 Thread 0x000001abb29cd710 Thread added: 0x000001abb29cd710
Event: 0.018 Thread 0x000001abb29cdfc0 Thread added: 0x000001abb29cdfc0
Event: 0.018 Thread 0x000001abb29ce960 Thread added: 0x000001abb29ce960
Event: 0.018 Thread 0x000001abb29cf300 Thread added: 0x000001abb29cf300
Event: 0.018 Thread 0x000001abb29dad30 Thread added: 0x000001abb29dad30
Event: 0.018 Thread 0x000001abb29e5700 Thread added: 0x000001abb29e5700
Event: 0.018 Thread 0x000001abb29ff1d0 Thread added: 0x000001abb29ff1d0
Event: 0.029 Thread 0x000001abb6cb3220 Thread added: 0x000001abb6cb3220
Event: 0.032 Thread 0x000001abb6cb7d80 Thread added: 0x000001abb6cb7d80
Event: 0.042 Loaded shared library C:\Program Files\Java\jdk-18.0.2.1\bin\jimage.dll
Event: 0.046 Loaded shared library C:\Program Files\Java\jdk-18.0.2.1\bin\net.dll
Event: 0.046 Loaded shared library C:\Program Files\Java\jdk-18.0.2.1\bin\nio.dll
Event: 0.048 Loaded shared library C:\Program Files\Java\jdk-18.0.2.1\bin\zip.dll
Event: 0.062 Loaded shared library C:\Program Files\Java\jdk-18.0.2.1\bin\awt.dll


Dynamic libraries:
0x00007ff6cbe90000 - 0x00007ff6cbea0000 	C:\Program Files\Java\jdk-18.0.2.1\bin\javaw.exe
0x00007fff16690000 - 0x00007fff168a4000 	C:\WINDOWS\SYSTEM32\ntdll.dll
0x00007fff14e90000 - 0x00007fff14f54000 	C:\WINDOWS\System32\KERNEL32.DLL
0x00007fff13e40000 - 0x00007fff141e4000 	C:\WINDOWS\System32\KERNELBASE.dll
0x00007fff13ac0000 - 0x00007fff13bd1000 	C:\WINDOWS\System32\ucrtbase.dll
0x00007fff0e770000 - 0x00007fff0e78a000 	C:\Program Files\Java\jdk-18.0.2.1\bin\VCRUNTIME140.dll
0x00007fff0a890000 - 0x00007fff0a8a8000 	C:\Program Files\Java\jdk-18.0.2.1\bin\jli.dll
0x00007fff148e0000 - 0x00007fff14990000 	C:\WINDOWS\System32\ADVAPI32.dll
0x00007fff14a50000 - 0x00007fff14af7000 	C:\WINDOWS\System32\msvcrt.dll
0x00007fff14730000 - 0x00007fff147d6000 	C:\WINDOWS\System32\sechost.dll
0x00007fff15120000 - 0x00007fff15237000 	C:\WINDOWS\System32\RPCRT4.dll
0x00007fff14b00000 - 0x00007fff14cae000 	C:\WINDOWS\System32\USER32.dll
0x00007fff13da0000 - 0x00007fff13dc6000 	C:\WINDOWS\System32\win32u.dll
0x00007ffef32c0000 - 0x00007ffef3553000 	C:\WINDOWS\WinSxS\amd64_microsoft.windows.common-controls_6595b64144ccf1df_6.0.22621.2215_none_270d72677387dfc3\COMCTL32.dll
0x00007fff14a20000 - 0x00007fff14a49000 	C:\WINDOWS\System32\GDI32.dll
0x00007fff13c80000 - 0x00007fff13d98000 	C:\WINDOWS\System32\gdi32full.dll
0x00007fff13be0000 - 0x00007fff13c7a000 	C:\WINDOWS\System32\msvcp_win.dll
0x00007ffefdfb0000 - 0x00007ffefdfba000 	C:\WINDOWS\SYSTEM32\VERSION.dll
0x00007fff14cb0000 - 0x00007fff14ce1000 	C:\WINDOWS\System32\IMM32.DLL
0x00007fff0c0d0000 - 0x00007fff0c0dc000 	C:\Program Files\Java\jdk-18.0.2.1\bin\vcruntime140_1.dll
0x00007ffed5130000 - 0x00007ffed51bd000 	C:\Program Files\Java\jdk-18.0.2.1\bin\msvcp140.dll
0x00007ffe93cc0000 - 0x00007ffe948d1000 	C:\Program Files\Java\jdk-18.0.2.1\bin\server\jvm.dll
0x00007fff14420000 - 0x00007fff14428000 	C:\WINDOWS\System32\PSAPI.DLL
0x00007fff0c0b0000 - 0x00007fff0c0b9000 	C:\WINDOWS\SYSTEM32\WSOCK32.dll
0x00007fff158f0000 - 0x00007fff15961000 	C:\WINDOWS\System32\WS2_32.dll
0x00007fff0a7f0000 - 0x00007fff0a824000 	C:\WINDOWS\SYSTEM32\WINMM.dll
0x00007fff12a20000 - 0x00007fff12a38000 	C:\WINDOWS\SYSTEM32\kernel.appcore.dll
0x00007ffefca90000 - 0x00007ffefca9a000 	C:\Program Files\Java\jdk-18.0.2.1\bin\jimage.dll
0x00007fff11280000 - 0x00007fff114ae000 	C:\WINDOWS\SYSTEM32\DBGHELP.DLL
0x00007fff162c0000 - 0x00007fff1664a000 	C:\WINDOWS\System32\combase.dll
0x00007fff15810000 - 0x00007fff158e7000 	C:\WINDOWS\System32\OLEAUT32.dll
0x00007ffefca10000 - 0x00007ffefca42000 	C:\WINDOWS\SYSTEM32\dbgcore.DLL
0x00007fff13a40000 - 0x00007fff13aba000 	C:\WINDOWS\System32\bcryptPrimitives.dll
0x00007ffee6a20000 - 0x00007ffee6a45000 	C:\Program Files\Java\jdk-18.0.2.1\bin\java.dll
0x00007ffeaa180000 - 0x00007ffeaa256000 	C:\Program Files\Java\jdk-18.0.2.1\bin\jsvml.dll
0x00007fff15970000 - 0x00007fff16193000 	C:\WINDOWS\System32\SHELL32.dll
0x00007fff11980000 - 0x00007fff1226a000 	C:\WINDOWS\SYSTEM32\windows.storage.dll
0x00007fff11840000 - 0x00007fff1197e000 	C:\WINDOWS\SYSTEM32\wintypes.dll
0x00007fff161a0000 - 0x00007fff16293000 	C:\WINDOWS\System32\SHCORE.dll
0x00007fff147e0000 - 0x00007fff1483e000 	C:\WINDOWS\System32\shlwapi.dll
0x00007fff13970000 - 0x00007fff13996000 	C:\WINDOWS\SYSTEM32\profapi.dll
0x00007ffee6a00000 - 0x00007ffee6a13000 	C:\Program Files\Java\jdk-18.0.2.1\bin\net.dll
0x00007fff0da10000 - 0x00007fff0db47000 	C:\WINDOWS\SYSTEM32\WINHTTP.dll
0x00007fff12f10000 - 0x00007fff12f79000 	C:\WINDOWS\system32\mswsock.dll
0x00007ffee69e0000 - 0x00007ffee69f6000 	C:\Program Files\Java\jdk-18.0.2.1\bin\nio.dll
0x00007ffee6700000 - 0x00007ffee6718000 	C:\Program Files\Java\jdk-18.0.2.1\bin\zip.dll
0x00007ffe928c0000 - 0x00007ffe92a4f000 	C:\Program Files\Java\jdk-18.0.2.1\bin\awt.dll
0x00007fff10920000 - 0x00007fff109b7000 	C:\WINDOWS\SYSTEM32\apphelp.dll

dbghelp: loaded successfully - version: 4.0.5 - missing functions: none
symbol engine: initialized successfully - sym options: 0x614 - pdb path: .;C:\Program Files\Java\jdk-18.0.2.1\bin;C:\WINDOWS\SYSTEM32;C:\WINDOWS\WinSxS\amd64_microsoft.windows.common-controls_6595b64144ccf1df_6.0.22621.2215_none_270d72677387dfc3;C:\Program Files\Java\jdk-18.0.2.1\bin\server

VM Arguments:
jvm_args: -Dfile.encoding=UTF-8 -Dstdout.encoding=UTF-8 -Dstderr.encoding=UTF-8 -XX:+ShowCodeDetailsInExceptionMessages 
java_command: Atmapplication.Signup3
java_class_path (initial): C:\Users\C Nithin Teja\Desktop\ATM\bin;C:\Users\C Nithin Teja\Downloads\jcalendar-tz-1.3.3-4.jar;C:\Users\C Nithin Teja\Desktop\mysql-connector-j-8.1.0\mysql-connector-j-8.1.0.jar
Launcher Type: SUN_STANDARD

[Global flags]
     intx CICompilerCount                          = 4                                         {product} {ergonomic}
     uint ConcGCThreads                            = 3                                         {product} {ergonomic}
     uint G1ConcRefinementThreads                  = 10                                        {product} {ergonomic}
   size_t G1HeapRegionSize                         = 1048576                                   {product} {ergonomic}
    uintx GCDrainStackTargetSize                   = 64                                        {product} {ergonomic}
   size_t InitialHeapSize                          = 130023424                                 {product} {ergonomic}
   size_t MarkStackSize                            = 4194304                                   {product} {ergonomic}
   size_t MaxHeapSize                              = 2076180480                                {product} {ergonomic}
   size_t MaxNewSize                               = 1245708288                                {product} {ergonomic}
   size_t MinHeapDeltaBytes                        = 1048576                                   {product} {ergonomic}
   size_t MinHeapSize                              = 8388608                                   {product} {ergonomic}
    uintx NonNMethodCodeHeapSize                   = 5839372                                {pd product} {ergonomic}
    uintx NonProfiledCodeHeapSize                  = 122909434                              {pd product} {ergonomic}
    uintx ProfiledCodeHeapSize                     = 122909434                              {pd product} {ergonomic}
    uintx ReservedCodeCacheSize                    = 251658240                              {pd product} {ergonomic}
     bool SegmentedCodeCache                       = true                                      {product} {ergonomic}
     bool ShowCodeDetailsInExceptionMessages       = true                                   {manageable} {command line}
   size_t SoftMaxHeapSize                          = 2076180480                             {manageable} {ergonomic}
     bool UseCompressedClassPointers               = true                           {product lp64_product} {ergonomic}
     bool UseCompressedOops                        = true                           {product lp64_product} {ergonomic}
     bool UseG1GC                                  = true                                      {product} {ergonomic}
     bool UseLargePagesIndividualAllocation        = false                                  {pd product} {ergonomic}

Logging:
Log output configuration:
 #0: stdout all=warning uptime,level,tags foldmultilines=false
 #1: stderr all=off uptime,level,tags foldmultilines=false

Environment Variables:
JAVA_HOME=C:\Program Files\Java\jdk-18.0.2.1
CLASSPATH=C:\Users\C Nithin Teja\Desktop\mysql-connector-j-8.1.0
PATH=C:\Program Files\Common Files\Oracle\Java\javapath;C:\WINDOWS\system32;C:\WINDOWS;C:\WINDOWS\System32\Wbem;C:\WINDOWS\System32\WindowsPowerShell\v1.0\;C:\WINDOWS\System32\OpenSSH\;C:\Program Files\Git\cmd;C:\Program Files\Java\jdk-18.0.2.1\bin;C:\Users\C Nithin Teja\Desktop\apache-tomcat-8.5.89-windows-x86\apache-tomcat-8.5.89\bin;C:\Program Files\MySQL\MySQL Server 8.0\bin;C:\Program Files\MySQL\MySQL Shell 8.0\bin\;C:\Program Files\Java\jdk-18.0.2.1\bin;.;C:\Users\C Nithin Teja\AppData\Local\Programs\Microsoft VS Code\bin;
USERNAME=C Nithin Teja
OS=Windows_NT
PROCESSOR_IDENTIFIER=Intel64 Family 6 Model 154 Stepping 4, GenuineIntel



---------------  S Y S T E M  ---------------

OS:
 Windows 11 , 64 bit Build 22621 (10.0.22621.2215)
OS uptime: 1 days 18:26 hours
Hyper-V role detected

CPU: total 12 (initial active 12) (6 cores per cpu, 2 threads per core) family 6 model 154 stepping 4 microcode 0x41f, cx8, cmov, fxsr, ht, mmx, 3dnowpref, sse, sse2, sse3, ssse3, sse4.1, sse4.2, popcnt, lzcnt, tsc, tscinvbit, avx, avx2, aes, erms, clmul, bmi1, bmi2, adx, sha, fma, vzeroupper, clflush, clflushopt, clwb, hv, serialize

Memory: 4k page, system-wide physical 7916M (334M free)
TotalPageFile size 32492M (AvailPageFile size 3M)
current process WorkingSet (physical memory assigned to process): 37M, peak: 37M
current process commit charge ("private bytes"): 213M, peak: 213M

vm_info: Java HotSpot(TM) 64-Bit Server VM (18.0.2.1+1-1) for windows-amd64 JRE (18.0.2.1+1-1), built on Aug 16 2022 01:46:33 by "mach5one" with MS VC++ 16.8 / 16.9 (VS2019)

END.
