#
# There is insufficient memory for the Java Runtime Environment to continue.
# Native memory allocation (mmap) failed to map 130023424 bytes for G1 virtual space
# Possible reasons:
#   The system is out of physical RAM or swap space
#   The process is running with CompressedOops enabled, and the Java Heap may be blocking the growth of the native heap
# Possible solutions:
#   Reduce memory load on the system
#   Increase physical memory or swap space
#   Check if swap backing store is full
#   Decrease Java heap size (-Xmx/-Xms)
#   Decrease number of Java threads
#   Decrease Java thread stack sizes (-Xss)
#   Set larger code cache with -XX:ReservedCodeCacheSize=
#   JVM is running with Unscaled Compressed Oops mode in which the Java heap is
#     placed in the first 4GB address space. The Java Heap base address is the
#     maximum limit for the native heap growth. Please use -XX:HeapBaseMinAddress
#     to set the Java Heap base and to place the Java Heap above 4GB virtual address.
# This output file may be truncated or incomplete.
#
#  Out of Memory Error (os_windows.cpp:3530), pid=12520, tid=28456
#
# JRE version:  (18.0.2.1+1) (build )
# Java VM: Java HotSpot(TM) 64-Bit Server VM (18.0.2.1+1-1, mixed mode, sharing, tiered, compressed oops, compressed class ptrs, g1 gc, windows-amd64)
# No core dump will be written. Minidumps are not enabled by default on client versions of Windows
#

---------------  S U M M A R Y ------------

Command Line: -Dfile.encoding=UTF-8 -Dstdout.encoding=UTF-8 -Dstderr.encoding=UTF-8 -XX:+ShowCodeDetailsInExceptionMessages Atmapplication.Signup3

Host: 12th Gen Intel(R) Core(TM) i5-1235U, 12 cores, 7G,  Windows 11 , 64 bit Build 22621 (10.0.22621.2215)
Time: Sat Oct 14 12:21:37 2023 India Standard Time elapsed time: 0.021166 seconds (0d 0h 0m 0s)

---------------  T H R E A D  ---------------

Current thread (0x000001e1f666a790):  JavaThread "Unknown thread" [_thread_in_vm, id=28456, stack(0x0000007702e00000,0x0000007702f00000)]

Stack: [0x0000007702e00000,0x0000007702f00000]
Native frames: (J=compiled Java code, j=interpreted, Vv=VM code, C=native code)
V  [jvm.dll+0x6993aa]
V  [jvm.dll+0x7f46dd]
V  [jvm.dll+0x7f5fee]
V  [jvm.dll+0x7f66a3]
V  [jvm.dll+0x25cf1f]
V  [jvm.dll+0x6962f9]
V  [jvm.dll+0x68ae2a]
V  [jvm.dll+0x32255b]
V  [jvm.dll+0x329f36]
V  [jvm.dll+0x37eade]
V  [jvm.dll+0x37ed0f]
V  [jvm.dll+0x2fa2da]
V  [jvm.dll+0x2fb33d]
V  [jvm.dll+0x7c3310]
V  [jvm.dll+0x38be61]
V  [jvm.dll+0x7a2023]
V  [jvm.dll+0x40dc3f]
V  [jvm.dll+0x40f611]
C  [jli.dll+0x526b]
C  [ucrtbase.dll+0x29363]
C  [KERNEL32.DLL+0x1257d]
C  [ntdll.dll+0x5aa68]


---------------  P R O C E S S  ---------------

Threads class SMR info:
_java_thread_list=0x00007ffe9479e550, length=0, elements={
}

Java Threads: ( => current thread )

Other Threads:
  0x000001e1f66ca5a0 WorkerThread "GC Thread#0" [stack: 0x0000007702f00000,0x0000007703000000] [id=27512]
  0x000001e1f66dac50 ConcurrentGCThread "G1 Main Marker" [stack: 0x0000007703000000,0x0000007703100000] [id=28120]
  0x000001e1f66dbde0 WorkerThread "G1 Conc#0" [stack: 0x0000007703100000,0x0000007703200000] [id=13548]

[error occurred during error reporting (printing all threads), id 0xc0000005, EXCEPTION_ACCESS_VIOLATION (0xc0000005) at pc=0x00007ffe93fca877]

VM state: not at safepoint (not fully initialized)

VM Mutex/Monitor currently owned by a thread:  ([mutex/lock_event])
[0x000001e1f6667510] Heap_lock - owner thread: 0x000001e1f666a790

Heap address: 0x0000000084400000, size: 1980 MB, Compressed Oops mode: 32-bit

CDS archive(s) mapped at: [0x0000000000000000-0x0000000000000000-0x0000000000000000), size 0, SharedBaseAddress: 0x0000000800000000, ArchiveRelocationMode: 0.
Narrow klass base: 0x0000000000000000, Narrow klass shift: 0, Narrow klass range: 0x0

GC Precious Log:
 CardTable entry size: 512
 Card Set container configuration: InlinePtr #cards 5 size 8 Array Of Cards #cards 12 size 40 Howl #buckets 4 coarsen threshold 1843 Howl Bitmap #cards 512 size 80 coarsen threshold 460 Card regions per heap region 1 cards per card region 2048

Heap:
 garbage-first heap   total 0K, used 0K [0x0000000084400000, 0x0000000100000000)
  region size 1024K, 0 young (0K), 0 survivors (0K)

[error occurred during error reporting (printing heap information), id 0xc0000005, EXCEPTION_ACCESS_VIOLATION (0xc0000005) at pc=0x00007ffe943b1839]

GC Heap History (0 events):
No events

Deoptimization events (0 events):
No events

Classes loaded (0 events):
No events

Classes unloaded (0 events):
No events

Classes redefined (0 events):
No events

Internal exceptions (0 events):
No events

VM Operations (0 events):
No events

Events (1 events):
Event: 0.006 Loaded shared library C:\Program Files\Java\jdk-18.0.2.1\bin\java.dll


Dynamic libraries:
0x00007ff6cbe90000 - 0x00007ff6cbea0000 	C:\Program Files\Java\jdk-18.0.2.1\bin\javaw.exe
0x00007fff16690000 - 0x00007fff168a4000 	C:\WINDOWS\SYSTEM32\ntdll.dll
0x00007fff14e90000 - 0x00007fff14f54000 	C:\WINDOWS\System32\KERNEL32.DLL
0x00007fff13e40000 - 0x00007fff141e4000 	C:\WINDOWS\System32\KERNELBASE.dll
0x00007fff13ac0000 - 0x00007fff13bd1000 	C:\WINDOWS\System32\ucrtbase.dll
0x00007fff0a890000 - 0x00007fff0a8a8000 	C:\Program Files\Java\jdk-18.0.2.1\bin\jli.dll
0x00007fff148e0000 - 0x00007fff14990000 	C:\WINDOWS\System32\ADVAPI32.dll
0x00007fff14a50000 - 0x00007fff14af7000 	C:\WINDOWS\System32\msvcrt.dll
0x00007fff14730000 - 0x00007fff147d6000 	C:\WINDOWS\System32\sechost.dll
0x00007fff15120000 - 0x00007fff15237000 	C:\WINDOWS\System32\RPCRT4.dll
0x00007fff14b00000 - 0x00007fff14cae000 	C:\WINDOWS\System32\USER32.dll
0x00007fff13da0000 - 0x00007fff13dc6000 	C:\WINDOWS\System32\win32u.dll
0x00007fff14a20000 - 0x00007fff14a49000 	C:\WINDOWS\System32\GDI32.dll
0x00007ffef32c0000 - 0x00007ffef3553000 	C:\WINDOWS\WinSxS\amd64_microsoft.windows.common-controls_6595b64144ccf1df_6.0.22621.2215_none_270d72677387dfc3\COMCTL32.dll
0x00007fff13c80000 - 0x00007fff13d98000 	C:\WINDOWS\System32\gdi32full.dll
0x00007fff13be0000 - 0x00007fff13c7a000 	C:\WINDOWS\System32\msvcp_win.dll
0x00007ffefdfb0000 - 0x00007ffefdfba000 	C:\WINDOWS\SYSTEM32\VERSION.dll
0x00007fff0e770000 - 0x00007fff0e78a000 	C:\Program Files\Java\jdk-18.0.2.1\bin\VCRUNTIME140.dll
0x00007fff14cb0000 - 0x00007fff14ce1000 	C:\WINDOWS\System32\IMM32.DLL
0x00007fff0c0d0000 - 0x00007fff0c0dc000 	C:\Program Files\Java\jdk-18.0.2.1\bin\vcruntime140_1.dll
0x00007ffed5130000 - 0x00007ffed51bd000 	C:\Program Files\Java\jdk-18.0.2.1\bin\msvcp140.dll
0x00007ffe93cc0000 - 0x00007ffe948d1000 	C:\Program Files\Java\jdk-18.0.2.1\bin\server\jvm.dll
0x00007fff14420000 - 0x00007fff14428000 	C:\WINDOWS\System32\PSAPI.DLL
0x00007fff0c0b0000 - 0x00007fff0c0b9000 	C:\WINDOWS\SYSTEM32\WSOCK32.dll
0x00007fff0a7f0000 - 0x00007fff0a824000 	C:\WINDOWS\SYSTEM32\WINMM.dll
0x00007fff158f0000 - 0x00007fff15961000 	C:\WINDOWS\System32\WS2_32.dll
0x00007fff12a20000 - 0x00007fff12a38000 	C:\WINDOWS\SYSTEM32\kernel.appcore.dll
0x00007ffefca90000 - 0x00007ffefca9a000 	C:\Program Files\Java\jdk-18.0.2.1\bin\jimage.dll
0x00007fff11280000 - 0x00007fff114ae000 	C:\WINDOWS\SYSTEM32\DBGHELP.DLL
0x00007fff162c0000 - 0x00007fff1664a000 	C:\WINDOWS\System32\combase.dll
0x00007fff15810000 - 0x00007fff158e7000 	C:\WINDOWS\System32\OLEAUT32.dll
0x00007ffefca10000 - 0x00007ffefca42000 	C:\WINDOWS\SYSTEM32\dbgcore.DLL
0x00007fff13a40000 - 0x00007fff13aba000 	C:\WINDOWS\System32\bcryptPrimitives.dll
0x00007ffee6a20000 - 0x00007ffee6a45000 	C:\Program Files\Java\jdk-18.0.2.1\bin\java.dll

dbghelp: loaded successfully - version: 4.0.5 - missing functions: none
symbol engine: initialized successfully - sym options: 0x614 - pdb path: .;C:\Program Files\Java\jdk-18.0.2.1\bin;C:\WINDOWS\SYSTEM32;C:\WINDOWS\WinSxS\amd64_microsoft.windows.common-controls_6595b64144ccf1df_6.0.22621.2215_none_270d72677387dfc3;C:\Program Files\Java\jdk-18.0.2.1\bin\server

VM Arguments:
jvm_args: -Dfile.encoding=UTF-8 -Dstdout.encoding=UTF-8 -Dstderr.encoding=UTF-8 -XX:+ShowCodeDetailsInExceptionMessages 
java_command: Atmapplication.Signup3
java_class_path (initial): C:\Users\C Nithin Teja\Desktop\ATM\bin;C:\Users\C Nithin Teja\Downloads\jcalendar-tz-1.3.3-4.jar;C:\Users\C Nithin Teja\Desktop\mysql-connector-j-8.1.0\mysql-connector-j-8.1.0.jar
Launcher Type: SUN_STANDARD

[Global flags]
     intx CICompilerCount                          = 4                                         {product} {ergonomic}
     uint ConcGCThreads                            = 3                                         {product} {ergonomic}
     uint G1ConcRefinementThreads                  = 10                                        {product} {ergonomic}
   size_t G1HeapRegionSize                         = 1048576                                   {product} {ergonomic}
    uintx GCDrainStackTargetSize                   = 64                                        {product} {ergonomic}
   size_t InitialHeapSize                          = 130023424                                 {product} {ergonomic}
   size_t MarkStackSize                            = 4194304                                   {product} {ergonomic}
   size_t MaxHeapSize                              = 2076180480                                {product} {ergonomic}
   size_t MinHeapDeltaBytes                        = 1048576                                   {product} {ergonomic}
   size_t MinHeapSize                              = 8388608                                   {product} {ergonomic}
    uintx NonNMethodCodeHeapSize                   = 5839372                                {pd product} {ergonomic}
    uintx NonProfiledCodeHeapSize                  = 122909434                              {pd product} {ergonomic}
    uintx ProfiledCodeHeapSize                     = 122909434                              {pd product} {ergonomic}
    uintx ReservedCodeCacheSize                    = 251658240                              {pd product} {ergonomic}
     bool SegmentedCodeCache                       = true                                      {product} {ergonomic}
     bool ShowCodeDetailsInExceptionMessages       = true                                   {manageable} {command line}
   size_t SoftMaxHeapSize                          = 2076180480                             {manageable} {ergonomic}
     bool UseCompressedClassPointers               = true                           {product lp64_product} {ergonomic}
     bool UseCompressedOops                        = true                           {product lp64_product} {ergonomic}
     bool UseG1GC                                  = true                                      {product} {ergonomic}
     bool UseLargePagesIndividualAllocation        = false                                  {pd product} {ergonomic}

Logging:
Log output configuration:
 #0: stdout all=warning uptime,level,tags foldmultilines=false
 #1: stderr all=off uptime,level,tags foldmultilines=false

Environment Variables:
JAVA_HOME=C:\Program Files\Java\jdk-18.0.2.1
CLASSPATH=C:\Users\C Nithin Teja\Desktop\mysql-connector-j-8.1.0
PATH=C:\Program Files\Common Files\Oracle\Java\javapath;C:\WINDOWS\system32;C:\WINDOWS;C:\WINDOWS\System32\Wbem;C:\WINDOWS\System32\WindowsPowerShell\v1.0\;C:\WINDOWS\System32\OpenSSH\;C:\Program Files\Git\cmd;C:\Program Files\Java\jdk-18.0.2.1\bin;C:\Users\C Nithin Teja\Desktop\apache-tomcat-8.5.89-windows-x86\apache-tomcat-8.5.89\bin;C:\Program Files\MySQL\MySQL Server 8.0\bin;C:\Program Files\MySQL\MySQL Shell 8.0\bin\;C:\Program Files\Java\jdk-18.0.2.1\bin;.;C:\Users\C Nithin Teja\AppData\Local\Programs\Microsoft VS Code\bin;
USERNAME=C Nithin Teja
OS=Windows_NT
PROCESSOR_IDENTIFIER=Intel64 Family 6 Model 154 Stepping 4, GenuineIntel



---------------  S Y S T E M  ---------------

OS:
 Windows 11 , 64 bit Build 22621 (10.0.22621.2215)
OS uptime: 1 days 18:25 hours
Hyper-V role detected

CPU: total 12 (initial active 12) (6 cores per cpu, 2 threads per core) family 6 model 154 stepping 4 microcode 0x41f, cx8, cmov, fxsr, ht, mmx, 3dnowpref, sse, sse2, sse3, ssse3, sse4.1, sse4.2, popcnt, lzcnt, tsc, tscinvbit, avx, avx2, aes, erms, clmul, bmi1, bmi2, adx, sha, fma, vzeroupper, clflush, clflushopt, clwb, hv, serialize

Memory: 4k page, system-wide physical 7916M (393M free)
TotalPageFile size 32455M (AvailPageFile size 57M)
current process WorkingSet (physical memory assigned to process): 11M, peak: 11M
current process commit charge ("private bytes"): 64M, peak: 188M

vm_info: Java HotSpot(TM) 64-Bit Server VM (18.0.2.1+1-1) for windows-amd64 JRE (18.0.2.1+1-1), built on Aug 16 2022 01:46:33 by "mach5one" with MS VC++ 16.8 / 16.9 (VS2019)

END.
